[1.006s] DEBUG:colcon:Command line arguments: ['/usr/bin/colcon', 'build', '--symlink-install', '--packages-select', 'quiz5', 'tests']
[1.006s] DEBUG:colcon:Parsed command line arguments: Namespace(log_base=None, log_level=None, verb_name='build', build_base='build', install_base='install', merge_install=False, symlink_install=True, test_result_base=None, continue_on_error=False, executor='parallel', parallel_workers=8, event_handlers=None, ignore_user_meta=False, metas=['./colcon.meta'], base_paths=['.'], packages_ignore=None, packages_ignore_regex=None, paths=None, packages_up_to=None, packages_up_to_regex=None, packages_above=None, packages_above_and_dependencies=None, packages_above_depth=None, packages_select_by_dep=None, packages_skip_by_dep=None, packages_skip_up_to=None, packages_select_build_failed=False, packages_skip_build_finished=False, packages_select_test_failures=False, packages_skip_test_passed=False, packages_select=['quiz5', 'tests'], packages_skip=None, packages_select_regex=None, packages_skip_regex=None, packages_start=None, packages_end=None, allow_overriding=[], cmake_args=None, cmake_target=None, cmake_target_skip_unavailable=False, cmake_clean_cache=False, cmake_clean_first=False, cmake_force_configure=False, ament_cmake_args=None, catkin_cmake_args=None, catkin_skip_building_tests=False, verb_parser=<colcon_defaults.argument_parser.defaults.DefaultArgumentsDecorator object at 0x732ba86ee680>, verb_extension=<colcon_core.verb.build.BuildVerb object at 0x732ba967cac0>, main=<bound method BuildVerb.main of <colcon_core.verb.build.BuildVerb object at 0x732ba967cac0>>)
[1.055s] Level 1:colcon.colcon_core.package_discovery:discover_packages(colcon_meta) check parameters
[1.055s] Level 1:colcon.colcon_core.package_discovery:discover_packages(recursive) check parameters
[1.055s] Level 1:colcon.colcon_core.package_discovery:discover_packages(ignore) check parameters
[1.055s] Level 1:colcon.colcon_core.package_discovery:discover_packages(path) check parameters
[1.055s] Level 1:colcon.colcon_core.package_discovery:discover_packages(colcon_meta) discover
[1.055s] Level 1:colcon.colcon_core.package_discovery:discover_packages(recursive) discover
[1.055s] INFO:colcon.colcon_core.package_discovery:Crawling recursively for packages in '/home/student/git/pfms-2024a-Didi416/quizzes/quiz5/a1'
[1.056s] Level 1:colcon.colcon_core.package_identification:_identify(.) by extensions ['ignore', 'ignore_ament_install']
[1.056s] Level 1:colcon.colcon_core.package_identification:_identify(.) by extension 'ignore'
[1.056s] Level 1:colcon.colcon_core.package_identification:_identify(.) by extension 'ignore_ament_install'
[1.056s] Level 1:colcon.colcon_core.package_identification:_identify(.) by extensions ['colcon_pkg']
[1.056s] Level 1:colcon.colcon_core.package_identification:_identify(.) by extension 'colcon_pkg'
[1.056s] Level 1:colcon.colcon_core.package_identification:_identify(.) by extensions ['colcon_meta']
[1.056s] Level 1:colcon.colcon_core.package_identification:_identify(.) by extension 'colcon_meta'
[1.056s] Level 1:colcon.colcon_core.package_identification:_identify(.) by extensions ['ros']
[1.056s] Level 1:colcon.colcon_core.package_identification:_identify(.) by extension 'ros'
[1.071s] DEBUG:colcon.colcon_core.package_identification:Package '.' with type 'ros.ament_cmake' and name 'quiz5'
[1.071s] Level 1:colcon.colcon_core.package_discovery:discover_packages(recursive) using defaults
[1.071s] Level 1:colcon.colcon_core.package_discovery:discover_packages(ignore) discover
[1.071s] Level 1:colcon.colcon_core.package_discovery:discover_packages(ignore) using defaults
[1.071s] Level 1:colcon.colcon_core.package_discovery:discover_packages(path) discover
[1.071s] Level 1:colcon.colcon_core.package_discovery:discover_packages(path) using defaults
[1.086s] WARNING:colcon.colcon_core.package_selection:ignoring unknown package 'tests' in --packages-select
[1.171s] Level 1:colcon.colcon_core.package_discovery:discover_packages(prefix_path) check parameters
[1.171s] Level 1:colcon.colcon_core.package_discovery:discover_packages(prefix_path) discover
[1.203s] DEBUG:colcon.colcon_installed_package_information.package_discovery:Found 11 installed packages in /home/student/ros2_ws/install
[1.220s] DEBUG:colcon.colcon_installed_package_information.package_discovery:Found 308 installed packages in /opt/ros/humble
[1.221s] Level 1:colcon.colcon_core.package_discovery:discover_packages(prefix_path) using defaults
[1.326s] Level 5:colcon.colcon_core.verb:set package 'quiz5' build argument 'cmake_args' from command line to 'None'
[1.326s] Level 5:colcon.colcon_core.verb:set package 'quiz5' build argument 'cmake_target' from command line to 'None'
[1.327s] Level 5:colcon.colcon_core.verb:set package 'quiz5' build argument 'cmake_target_skip_unavailable' from command line to 'False'
[1.327s] Level 5:colcon.colcon_core.verb:set package 'quiz5' build argument 'cmake_clean_cache' from command line to 'False'
[1.327s] Level 5:colcon.colcon_core.verb:set package 'quiz5' build argument 'cmake_clean_first' from command line to 'False'
[1.327s] Level 5:colcon.colcon_core.verb:set package 'quiz5' build argument 'cmake_force_configure' from command line to 'False'
[1.327s] Level 5:colcon.colcon_core.verb:set package 'quiz5' build argument 'ament_cmake_args' from command line to 'None'
[1.327s] Level 5:colcon.colcon_core.verb:set package 'quiz5' build argument 'catkin_cmake_args' from command line to 'None'
[1.327s] Level 5:colcon.colcon_core.verb:set package 'quiz5' build argument 'catkin_skip_building_tests' from command line to 'False'
[1.327s] DEBUG:colcon.colcon_core.verb:Building package 'quiz5' with the following arguments: {'ament_cmake_args': None, 'build_base': '/home/student/git/pfms-2024a-Didi416/quizzes/quiz5/a1/build/quiz5', 'catkin_cmake_args': None, 'catkin_skip_building_tests': False, 'cmake_args': None, 'cmake_clean_cache': False, 'cmake_clean_first': False, 'cmake_force_configure': False, 'cmake_target': None, 'cmake_target_skip_unavailable': False, 'install_base': '/home/student/git/pfms-2024a-Didi416/quizzes/quiz5/a1/install/quiz5', 'merge_install': False, 'path': '/home/student/git/pfms-2024a-Didi416/quizzes/quiz5/a1', 'symlink_install': True, 'test_result_base': None}
[1.342s] INFO:colcon.colcon_core.executor:Executing jobs using 'parallel' executor
[1.357s] DEBUG:colcon.colcon_parallel_executor.executor.parallel:run_until_complete
[1.358s] INFO:colcon.colcon_ros.task.ament_cmake.build:Building ROS package in '/home/student/git/pfms-2024a-Didi416/quizzes/quiz5/a1' with build type 'ament_cmake'
[1.358s] INFO:colcon.colcon_cmake.task.cmake.build:Building CMake package in '/home/student/git/pfms-2024a-Didi416/quizzes/quiz5/a1'
[1.375s] INFO:colcon.colcon_core.plugin_system:Skipping extension 'colcon_core.shell.bat': Not used on non-Windows systems
[1.375s] INFO:colcon.colcon_core.shell:Skip shell extension 'powershell' for command environment: Not usable outside of PowerShell
[1.375s] DEBUG:colcon.colcon_core.shell:Skip shell extension 'dsv' for command environment
[1.429s] DEBUG:colcon.colcon_core.event_handler.log_command:Invoking command in '/home/student/git/pfms-2024a-Didi416/quizzes/quiz5/a1/build/quiz5': CMAKE_PREFIX_PATH=${CMAKE_PREFIX_PATH}:/home/student/ros2_ws/install/sjtu_drone_control:/home/student/ros2_ws/install/sjtu_drone_bringup:/opt/ros/humble /usr/bin/cmake /home/student/git/pfms-2024a-Didi416/quizzes/quiz5/a1 -DAMENT_CMAKE_SYMLINK_INSTALL=1 -DCMAKE_INSTALL_PREFIX=/home/student/git/pfms-2024a-Didi416/quizzes/quiz5/a1/install/quiz5
[3.850s] DEBUG:colcon.colcon_core.event_handler.log_command:Invoked command in '/home/student/git/pfms-2024a-Didi416/quizzes/quiz5/a1/build/quiz5' returned '0': CMAKE_PREFIX_PATH=${CMAKE_PREFIX_PATH}:/home/student/ros2_ws/install/sjtu_drone_control:/home/student/ros2_ws/install/sjtu_drone_bringup:/opt/ros/humble /usr/bin/cmake /home/student/git/pfms-2024a-Didi416/quizzes/quiz5/a1 -DAMENT_CMAKE_SYMLINK_INSTALL=1 -DCMAKE_INSTALL_PREFIX=/home/student/git/pfms-2024a-Didi416/quizzes/quiz5/a1/install/quiz5
[3.853s] DEBUG:colcon.colcon_core.event_handler.log_command:Invoking command in '/home/student/git/pfms-2024a-Didi416/quizzes/quiz5/a1/build/quiz5': CMAKE_PREFIX_PATH=${CMAKE_PREFIX_PATH}:/home/student/ros2_ws/install/sjtu_drone_control:/home/student/ros2_ws/install/sjtu_drone_bringup:/opt/ros/humble /usr/bin/cmake --build /home/student/git/pfms-2024a-Didi416/quizzes/quiz5/a1/build/quiz5 -- -j8 -l8
[14.941s] DEBUG:colcon.colcon_core.event_handler.log_command:Invoked command in '/home/student/git/pfms-2024a-Didi416/quizzes/quiz5/a1/build/quiz5' returned '0': CMAKE_PREFIX_PATH=${CMAKE_PREFIX_PATH}:/home/student/ros2_ws/install/sjtu_drone_control:/home/student/ros2_ws/install/sjtu_drone_bringup:/opt/ros/humble /usr/bin/cmake --build /home/student/git/pfms-2024a-Didi416/quizzes/quiz5/a1/build/quiz5 -- -j8 -l8
[14.997s] DEBUG:colcon.colcon_core.event_handler.log_command:Invoking command in '/home/student/git/pfms-2024a-Didi416/quizzes/quiz5/a1/build/quiz5': CMAKE_PREFIX_PATH=${CMAKE_PREFIX_PATH}:/home/student/ros2_ws/install/sjtu_drone_control:/home/student/ros2_ws/install/sjtu_drone_bringup:/opt/ros/humble /usr/bin/cmake --install /home/student/git/pfms-2024a-Didi416/quizzes/quiz5/a1/build/quiz5
[15.194s] Level 1:colcon.colcon_core.environment:create_environment_scripts_only(quiz5)
[15.195s] DEBUG:colcon.colcon_core.event_handler.log_command:Invoked command in '/home/student/git/pfms-2024a-Didi416/quizzes/quiz5/a1/build/quiz5' returned '0': CMAKE_PREFIX_PATH=${CMAKE_PREFIX_PATH}:/home/student/ros2_ws/install/sjtu_drone_control:/home/student/ros2_ws/install/sjtu_drone_bringup:/opt/ros/humble /usr/bin/cmake --install /home/student/git/pfms-2024a-Didi416/quizzes/quiz5/a1/build/quiz5
[15.212s] Level 1:colcon.colcon_core.environment:checking '/home/student/git/pfms-2024a-Didi416/quizzes/quiz5/a1/install/quiz5' for CMake module files
[15.213s] Level 1:colcon.colcon_core.environment:checking '/home/student/git/pfms-2024a-Didi416/quizzes/quiz5/a1/install/quiz5' for CMake config files
[15.213s] Level 1:colcon.colcon_core.shell:create_environment_hook('quiz5', 'cmake_prefix_path')
[15.228s] INFO:colcon.colcon_core.shell:Creating environment hook '/home/student/git/pfms-2024a-Didi416/quizzes/quiz5/a1/install/quiz5/share/quiz5/hook/cmake_prefix_path.ps1'
[15.229s] INFO:colcon.colcon_core.shell:Creating environment descriptor '/home/student/git/pfms-2024a-Didi416/quizzes/quiz5/a1/install/quiz5/share/quiz5/hook/cmake_prefix_path.dsv'
[15.230s] INFO:colcon.colcon_core.shell:Creating environment hook '/home/student/git/pfms-2024a-Didi416/quizzes/quiz5/a1/install/quiz5/share/quiz5/hook/cmake_prefix_path.sh'
[15.231s] Level 1:colcon.colcon_core.environment:checking '/home/student/git/pfms-2024a-Didi416/quizzes/quiz5/a1/install/quiz5/lib'
[15.231s] Level 1:colcon.colcon_core.environment:checking '/home/student/git/pfms-2024a-Didi416/quizzes/quiz5/a1/install/quiz5/bin'
[15.231s] Level 1:colcon.colcon_core.environment:checking '/home/student/git/pfms-2024a-Didi416/quizzes/quiz5/a1/install/quiz5/lib/pkgconfig/quiz5.pc'
[15.232s] Level 1:colcon.colcon_core.environment:checking '/home/student/git/pfms-2024a-Didi416/quizzes/quiz5/a1/install/quiz5/lib/python3.10/site-packages'
[15.232s] Level 1:colcon.colcon_core.environment:checking '/home/student/git/pfms-2024a-Didi416/quizzes/quiz5/a1/install/quiz5/bin'
[15.247s] INFO:colcon.colcon_core.shell:Creating package script '/home/student/git/pfms-2024a-Didi416/quizzes/quiz5/a1/install/quiz5/share/quiz5/package.ps1'
[15.248s] INFO:colcon.colcon_core.shell:Creating package descriptor '/home/student/git/pfms-2024a-Didi416/quizzes/quiz5/a1/install/quiz5/share/quiz5/package.dsv'
[15.248s] INFO:colcon.colcon_core.shell:Creating package script '/home/student/git/pfms-2024a-Didi416/quizzes/quiz5/a1/install/quiz5/share/quiz5/package.sh'
[15.249s] INFO:colcon.colcon_core.shell:Creating package script '/home/student/git/pfms-2024a-Didi416/quizzes/quiz5/a1/install/quiz5/share/quiz5/package.bash'
[15.250s] INFO:colcon.colcon_core.shell:Creating package script '/home/student/git/pfms-2024a-Didi416/quizzes/quiz5/a1/install/quiz5/share/quiz5/package.zsh'
[15.250s] Level 1:colcon.colcon_core.environment:create_file_with_runtime_dependencies(/home/student/git/pfms-2024a-Didi416/quizzes/quiz5/a1/install/quiz5/share/colcon-core/packages/quiz5)
[15.313s] Level 1:colcon.colcon_core.environment:create_environment_scripts_only(quiz5)
[15.330s] Level 1:colcon.colcon_core.environment:checking '/home/student/git/pfms-2024a-Didi416/quizzes/quiz5/a1/install/quiz5' for CMake module files
[15.331s] Level 1:colcon.colcon_core.environment:checking '/home/student/git/pfms-2024a-Didi416/quizzes/quiz5/a1/install/quiz5' for CMake config files
[15.331s] Level 1:colcon.colcon_core.shell:create_environment_hook('quiz5', 'cmake_prefix_path')
[15.360s] INFO:colcon.colcon_core.shell:Creating environment hook '/home/student/git/pfms-2024a-Didi416/quizzes/quiz5/a1/install/quiz5/share/quiz5/hook/cmake_prefix_path.ps1'
[15.361s] INFO:colcon.colcon_core.shell:Creating environment descriptor '/home/student/git/pfms-2024a-Didi416/quizzes/quiz5/a1/install/quiz5/share/quiz5/hook/cmake_prefix_path.dsv'
[15.361s] INFO:colcon.colcon_core.shell:Creating environment hook '/home/student/git/pfms-2024a-Didi416/quizzes/quiz5/a1/install/quiz5/share/quiz5/hook/cmake_prefix_path.sh'
[15.362s] Level 1:colcon.colcon_core.environment:checking '/home/student/git/pfms-2024a-Didi416/quizzes/quiz5/a1/install/quiz5/lib'
[15.362s] Level 1:colcon.colcon_core.environment:checking '/home/student/git/pfms-2024a-Didi416/quizzes/quiz5/a1/install/quiz5/bin'
[15.362s] Level 1:colcon.colcon_core.environment:checking '/home/student/git/pfms-2024a-Didi416/quizzes/quiz5/a1/install/quiz5/lib/pkgconfig/quiz5.pc'
[15.362s] Level 1:colcon.colcon_core.environment:checking '/home/student/git/pfms-2024a-Didi416/quizzes/quiz5/a1/install/quiz5/lib/python3.10/site-packages'
[15.363s] Level 1:colcon.colcon_core.environment:checking '/home/student/git/pfms-2024a-Didi416/quizzes/quiz5/a1/install/quiz5/bin'
[15.377s] INFO:colcon.colcon_core.shell:Creating package script '/home/student/git/pfms-2024a-Didi416/quizzes/quiz5/a1/install/quiz5/share/quiz5/package.ps1'
[15.378s] INFO:colcon.colcon_core.shell:Creating package descriptor '/home/student/git/pfms-2024a-Didi416/quizzes/quiz5/a1/install/quiz5/share/quiz5/package.dsv'
[15.378s] INFO:colcon.colcon_core.shell:Creating package script '/home/student/git/pfms-2024a-Didi416/quizzes/quiz5/a1/install/quiz5/share/quiz5/package.sh'
[15.378s] INFO:colcon.colcon_core.shell:Creating package script '/home/student/git/pfms-2024a-Didi416/quizzes/quiz5/a1/install/quiz5/share/quiz5/package.bash'
[15.379s] INFO:colcon.colcon_core.shell:Creating package script '/home/student/git/pfms-2024a-Didi416/quizzes/quiz5/a1/install/quiz5/share/quiz5/package.zsh'
[15.379s] Level 1:colcon.colcon_core.environment:create_file_with_runtime_dependencies(/home/student/git/pfms-2024a-Didi416/quizzes/quiz5/a1/install/quiz5/share/colcon-core/packages/quiz5)
[15.380s] DEBUG:colcon.colcon_parallel_executor.executor.parallel:closing loop
[15.380s] DEBUG:colcon.colcon_parallel_executor.executor.parallel:loop closed
[15.380s] DEBUG:colcon.colcon_parallel_executor.executor.parallel:run_until_complete finished with '0'
[15.380s] DEBUG:colcon.colcon_core.event_reactor:joining thread
[15.400s] INFO:colcon.colcon_core.plugin_system:Skipping extension 'colcon_notification.desktop_notification.terminal_notifier': Not used on non-Darwin systems
[15.401s] INFO:colcon.colcon_core.plugin_system:Skipping extension 'colcon_notification.desktop_notification.win32': Not used on non-Windows systems
[15.401s] INFO:colcon.colcon_notification.desktop_notification:Sending desktop notification using 'notify2'
[15.413s] DEBUG:colcon.colcon_core.event_reactor:joined thread
[15.430s] INFO:colcon.colcon_core.shell:Creating prefix script '/home/student/git/pfms-2024a-Didi416/quizzes/quiz5/a1/install/local_setup.ps1'
[15.431s] INFO:colcon.colcon_core.shell:Creating prefix util module '/home/student/git/pfms-2024a-Didi416/quizzes/quiz5/a1/install/_local_setup_util_ps1.py'
[15.433s] INFO:colcon.colcon_core.shell:Creating prefix chain script '/home/student/git/pfms-2024a-Didi416/quizzes/quiz5/a1/install/setup.ps1'
[15.449s] INFO:colcon.colcon_core.shell:Creating prefix script '/home/student/git/pfms-2024a-Didi416/quizzes/quiz5/a1/install/local_setup.sh'
[15.450s] INFO:colcon.colcon_core.shell:Creating prefix util module '/home/student/git/pfms-2024a-Didi416/quizzes/quiz5/a1/install/_local_setup_util_sh.py'
[15.451s] INFO:colcon.colcon_core.shell:Creating prefix chain script '/home/student/git/pfms-2024a-Didi416/quizzes/quiz5/a1/install/setup.sh'
[15.473s] INFO:colcon.colcon_core.shell:Creating prefix script '/home/student/git/pfms-2024a-Didi416/quizzes/quiz5/a1/install/local_setup.bash'
[15.474s] INFO:colcon.colcon_core.shell:Creating prefix chain script '/home/student/git/pfms-2024a-Didi416/quizzes/quiz5/a1/install/setup.bash'
[15.492s] INFO:colcon.colcon_core.shell:Creating prefix script '/home/student/git/pfms-2024a-Didi416/quizzes/quiz5/a1/install/local_setup.zsh'
[15.493s] INFO:colcon.colcon_core.shell:Creating prefix chain script '/home/student/git/pfms-2024a-Didi416/quizzes/quiz5/a1/install/setup.zsh'
