[1.049s] DEBUG:colcon:Command line arguments: ['/usr/bin/colcon', 'build', '--symlink-install', '--packages-select', 'quiz5', 'tests']
[1.049s] DEBUG:colcon:Parsed command line arguments: Namespace(log_base=None, log_level=None, verb_name='build', build_base='build', install_base='install', merge_install=False, symlink_install=True, test_result_base=None, continue_on_error=False, executor='parallel', parallel_workers=8, event_handlers=None, ignore_user_meta=False, metas=['./colcon.meta'], base_paths=['.'], packages_ignore=None, packages_ignore_regex=None, paths=None, packages_up_to=None, packages_up_to_regex=None, packages_above=None, packages_above_and_dependencies=None, packages_above_depth=None, packages_select_by_dep=None, packages_skip_by_dep=None, packages_skip_up_to=None, packages_select_build_failed=False, packages_skip_build_finished=False, packages_select_test_failures=False, packages_skip_test_passed=False, packages_select=['quiz5', 'tests'], packages_skip=None, packages_select_regex=None, packages_skip_regex=None, packages_start=None, packages_end=None, allow_overriding=[], cmake_args=None, cmake_target=None, cmake_target_skip_unavailable=False, cmake_clean_cache=False, cmake_clean_first=False, cmake_force_configure=False, ament_cmake_args=None, catkin_cmake_args=None, catkin_skip_building_tests=False, verb_parser=<colcon_defaults.argument_parser.defaults.DefaultArgumentsDecorator object at 0x73bf280ee6b0>, verb_extension=<colcon_core.verb.build.BuildVerb object at 0x73bf291d6920>, main=<bound method BuildVerb.main of <colcon_core.verb.build.BuildVerb object at 0x73bf291d6920>>)
[1.097s] Level 1:colcon.colcon_core.package_discovery:discover_packages(colcon_meta) check parameters
[1.097s] Level 1:colcon.colcon_core.package_discovery:discover_packages(recursive) check parameters
[1.097s] Level 1:colcon.colcon_core.package_discovery:discover_packages(ignore) check parameters
[1.097s] Level 1:colcon.colcon_core.package_discovery:discover_packages(path) check parameters
[1.098s] Level 1:colcon.colcon_core.package_discovery:discover_packages(colcon_meta) discover
[1.098s] Level 1:colcon.colcon_core.package_discovery:discover_packages(recursive) discover
[1.098s] INFO:colcon.colcon_core.package_discovery:Crawling recursively for packages in '/home/student/git/pfms-2024a-Didi416/quizzes/quiz5/a1'
[1.098s] Level 1:colcon.colcon_core.package_identification:_identify(.) by extensions ['ignore', 'ignore_ament_install']
[1.098s] Level 1:colcon.colcon_core.package_identification:_identify(.) by extension 'ignore'
[1.098s] Level 1:colcon.colcon_core.package_identification:_identify(.) by extension 'ignore_ament_install'
[1.098s] Level 1:colcon.colcon_core.package_identification:_identify(.) by extensions ['colcon_pkg']
[1.098s] Level 1:colcon.colcon_core.package_identification:_identify(.) by extension 'colcon_pkg'
[1.098s] Level 1:colcon.colcon_core.package_identification:_identify(.) by extensions ['colcon_meta']
[1.098s] Level 1:colcon.colcon_core.package_identification:_identify(.) by extension 'colcon_meta'
[1.098s] Level 1:colcon.colcon_core.package_identification:_identify(.) by extensions ['ros']
[1.099s] Level 1:colcon.colcon_core.package_identification:_identify(.) by extension 'ros'
[1.114s] DEBUG:colcon.colcon_core.package_identification:Package '.' with type 'ros.ament_cmake' and name 'quiz5'
[1.115s] Level 1:colcon.colcon_core.package_discovery:discover_packages(recursive) using defaults
[1.115s] Level 1:colcon.colcon_core.package_discovery:discover_packages(ignore) discover
[1.115s] Level 1:colcon.colcon_core.package_discovery:discover_packages(ignore) using defaults
[1.115s] Level 1:colcon.colcon_core.package_discovery:discover_packages(path) discover
[1.115s] Level 1:colcon.colcon_core.package_discovery:discover_packages(path) using defaults
[1.130s] WARNING:colcon.colcon_core.package_selection:ignoring unknown package 'tests' in --packages-select
[1.211s] Level 1:colcon.colcon_core.package_discovery:discover_packages(prefix_path) check parameters
[1.212s] Level 1:colcon.colcon_core.package_discovery:discover_packages(prefix_path) discover
[1.243s] DEBUG:colcon.colcon_installed_package_information.package_discovery:Found 11 installed packages in /home/student/ros2_ws/install
[1.259s] DEBUG:colcon.colcon_installed_package_information.package_discovery:Found 308 installed packages in /opt/ros/humble
[1.261s] Level 1:colcon.colcon_core.package_discovery:discover_packages(prefix_path) using defaults
[1.366s] Level 5:colcon.colcon_core.verb:set package 'quiz5' build argument 'cmake_args' from command line to 'None'
[1.366s] Level 5:colcon.colcon_core.verb:set package 'quiz5' build argument 'cmake_target' from command line to 'None'
[1.366s] Level 5:colcon.colcon_core.verb:set package 'quiz5' build argument 'cmake_target_skip_unavailable' from command line to 'False'
[1.366s] Level 5:colcon.colcon_core.verb:set package 'quiz5' build argument 'cmake_clean_cache' from command line to 'False'
[1.366s] Level 5:colcon.colcon_core.verb:set package 'quiz5' build argument 'cmake_clean_first' from command line to 'False'
[1.366s] Level 5:colcon.colcon_core.verb:set package 'quiz5' build argument 'cmake_force_configure' from command line to 'False'
[1.366s] Level 5:colcon.colcon_core.verb:set package 'quiz5' build argument 'ament_cmake_args' from command line to 'None'
[1.366s] Level 5:colcon.colcon_core.verb:set package 'quiz5' build argument 'catkin_cmake_args' from command line to 'None'
[1.366s] Level 5:colcon.colcon_core.verb:set package 'quiz5' build argument 'catkin_skip_building_tests' from command line to 'False'
[1.366s] DEBUG:colcon.colcon_core.verb:Building package 'quiz5' with the following arguments: {'ament_cmake_args': None, 'build_base': '/home/student/git/pfms-2024a-Didi416/quizzes/quiz5/a1/build/quiz5', 'catkin_cmake_args': None, 'catkin_skip_building_tests': False, 'cmake_args': None, 'cmake_clean_cache': False, 'cmake_clean_first': False, 'cmake_force_configure': False, 'cmake_target': None, 'cmake_target_skip_unavailable': False, 'install_base': '/home/student/git/pfms-2024a-Didi416/quizzes/quiz5/a1/install/quiz5', 'merge_install': False, 'path': '/home/student/git/pfms-2024a-Didi416/quizzes/quiz5/a1', 'symlink_install': True, 'test_result_base': None}
[1.380s] INFO:colcon.colcon_core.executor:Executing jobs using 'parallel' executor
[1.396s] DEBUG:colcon.colcon_parallel_executor.executor.parallel:run_until_complete
[1.397s] INFO:colcon.colcon_ros.task.ament_cmake.build:Building ROS package in '/home/student/git/pfms-2024a-Didi416/quizzes/quiz5/a1' with build type 'ament_cmake'
[1.397s] INFO:colcon.colcon_cmake.task.cmake.build:Building CMake package in '/home/student/git/pfms-2024a-Didi416/quizzes/quiz5/a1'
[1.413s] INFO:colcon.colcon_core.plugin_system:Skipping extension 'colcon_core.shell.bat': Not used on non-Windows systems
[1.414s] INFO:colcon.colcon_core.shell:Skip shell extension 'powershell' for command environment: Not usable outside of PowerShell
[1.414s] DEBUG:colcon.colcon_core.shell:Skip shell extension 'dsv' for command environment
[1.475s] DEBUG:colcon.colcon_core.event_handler.log_command:Invoking command in '/home/student/git/pfms-2024a-Didi416/quizzes/quiz5/a1/build/quiz5': CMAKE_PREFIX_PATH=${CMAKE_PREFIX_PATH}:/home/student/ros2_ws/install/sjtu_drone_control:/home/student/ros2_ws/install/sjtu_drone_bringup:/opt/ros/humble /usr/bin/cmake --build /home/student/git/pfms-2024a-Didi416/quizzes/quiz5/a1/build/quiz5 -- -j8 -l8
[3.082s] DEBUG:colcon.colcon_core.event_handler.log_command:Invoked command in '/home/student/git/pfms-2024a-Didi416/quizzes/quiz5/a1/build/quiz5' returned '0': CMAKE_PREFIX_PATH=${CMAKE_PREFIX_PATH}:/home/student/ros2_ws/install/sjtu_drone_control:/home/student/ros2_ws/install/sjtu_drone_bringup:/opt/ros/humble /usr/bin/cmake --build /home/student/git/pfms-2024a-Didi416/quizzes/quiz5/a1/build/quiz5 -- -j8 -l8
[3.140s] DEBUG:colcon.colcon_core.event_handler.log_command:Invoking command in '/home/student/git/pfms-2024a-Didi416/quizzes/quiz5/a1/build/quiz5': CMAKE_PREFIX_PATH=${CMAKE_PREFIX_PATH}:/home/student/ros2_ws/install/sjtu_drone_control:/home/student/ros2_ws/install/sjtu_drone_bringup:/opt/ros/humble /usr/bin/cmake --install /home/student/git/pfms-2024a-Didi416/quizzes/quiz5/a1/build/quiz5
[3.165s] Level 1:colcon.colcon_core.environment:create_environment_scripts_only(quiz5)
[3.166s] DEBUG:colcon.colcon_core.event_handler.log_command:Invoked command in '/home/student/git/pfms-2024a-Didi416/quizzes/quiz5/a1/build/quiz5' returned '0': CMAKE_PREFIX_PATH=${CMAKE_PREFIX_PATH}:/home/student/ros2_ws/install/sjtu_drone_control:/home/student/ros2_ws/install/sjtu_drone_bringup:/opt/ros/humble /usr/bin/cmake --install /home/student/git/pfms-2024a-Didi416/quizzes/quiz5/a1/build/quiz5
[3.184s] Level 1:colcon.colcon_core.environment:checking '/home/student/git/pfms-2024a-Didi416/quizzes/quiz5/a1/install/quiz5' for CMake module files
[3.185s] Level 1:colcon.colcon_core.environment:checking '/home/student/git/pfms-2024a-Didi416/quizzes/quiz5/a1/install/quiz5' for CMake config files
[3.185s] Level 1:colcon.colcon_core.shell:create_environment_hook('quiz5', 'cmake_prefix_path')
[3.200s] INFO:colcon.colcon_core.shell:Creating environment hook '/home/student/git/pfms-2024a-Didi416/quizzes/quiz5/a1/install/quiz5/share/quiz5/hook/cmake_prefix_path.ps1'
[3.200s] INFO:colcon.colcon_core.shell:Creating environment descriptor '/home/student/git/pfms-2024a-Didi416/quizzes/quiz5/a1/install/quiz5/share/quiz5/hook/cmake_prefix_path.dsv'
[3.201s] INFO:colcon.colcon_core.shell:Creating environment hook '/home/student/git/pfms-2024a-Didi416/quizzes/quiz5/a1/install/quiz5/share/quiz5/hook/cmake_prefix_path.sh'
[3.202s] Level 1:colcon.colcon_core.environment:checking '/home/student/git/pfms-2024a-Didi416/quizzes/quiz5/a1/install/quiz5/lib'
[3.202s] Level 1:colcon.colcon_core.environment:checking '/home/student/git/pfms-2024a-Didi416/quizzes/quiz5/a1/install/quiz5/bin'
[3.202s] Level 1:colcon.colcon_core.environment:checking '/home/student/git/pfms-2024a-Didi416/quizzes/quiz5/a1/install/quiz5/lib/pkgconfig/quiz5.pc'
[3.203s] Level 1:colcon.colcon_core.environment:checking '/home/student/git/pfms-2024a-Didi416/quizzes/quiz5/a1/install/quiz5/lib/python3.10/site-packages'
[3.203s] Level 1:colcon.colcon_core.environment:checking '/home/student/git/pfms-2024a-Didi416/quizzes/quiz5/a1/install/quiz5/bin'
[3.220s] INFO:colcon.colcon_core.shell:Creating package script '/home/student/git/pfms-2024a-Didi416/quizzes/quiz5/a1/install/quiz5/share/quiz5/package.ps1'
[3.221s] INFO:colcon.colcon_core.shell:Creating package descriptor '/home/student/git/pfms-2024a-Didi416/quizzes/quiz5/a1/install/quiz5/share/quiz5/package.dsv'
[3.222s] INFO:colcon.colcon_core.shell:Creating package script '/home/student/git/pfms-2024a-Didi416/quizzes/quiz5/a1/install/quiz5/share/quiz5/package.sh'
[3.223s] INFO:colcon.colcon_core.shell:Creating package script '/home/student/git/pfms-2024a-Didi416/quizzes/quiz5/a1/install/quiz5/share/quiz5/package.bash'
[3.223s] INFO:colcon.colcon_core.shell:Creating package script '/home/student/git/pfms-2024a-Didi416/quizzes/quiz5/a1/install/quiz5/share/quiz5/package.zsh'
[3.224s] Level 1:colcon.colcon_core.environment:create_file_with_runtime_dependencies(/home/student/git/pfms-2024a-Didi416/quizzes/quiz5/a1/install/quiz5/share/colcon-core/packages/quiz5)
[3.285s] Level 1:colcon.colcon_core.environment:create_environment_scripts_only(quiz5)
[3.300s] Level 1:colcon.colcon_core.environment:checking '/home/student/git/pfms-2024a-Didi416/quizzes/quiz5/a1/install/quiz5' for CMake module files
[3.301s] Level 1:colcon.colcon_core.environment:checking '/home/student/git/pfms-2024a-Didi416/quizzes/quiz5/a1/install/quiz5' for CMake config files
[3.301s] Level 1:colcon.colcon_core.shell:create_environment_hook('quiz5', 'cmake_prefix_path')
[3.329s] INFO:colcon.colcon_core.shell:Creating environment hook '/home/student/git/pfms-2024a-Didi416/quizzes/quiz5/a1/install/quiz5/share/quiz5/hook/cmake_prefix_path.ps1'
[3.330s] INFO:colcon.colcon_core.shell:Creating environment descriptor '/home/student/git/pfms-2024a-Didi416/quizzes/quiz5/a1/install/quiz5/share/quiz5/hook/cmake_prefix_path.dsv'
[3.330s] INFO:colcon.colcon_core.shell:Creating environment hook '/home/student/git/pfms-2024a-Didi416/quizzes/quiz5/a1/install/quiz5/share/quiz5/hook/cmake_prefix_path.sh'
[3.331s] Level 1:colcon.colcon_core.environment:checking '/home/student/git/pfms-2024a-Didi416/quizzes/quiz5/a1/install/quiz5/lib'
[3.331s] Level 1:colcon.colcon_core.environment:checking '/home/student/git/pfms-2024a-Didi416/quizzes/quiz5/a1/install/quiz5/bin'
[3.331s] Level 1:colcon.colcon_core.environment:checking '/home/student/git/pfms-2024a-Didi416/quizzes/quiz5/a1/install/quiz5/lib/pkgconfig/quiz5.pc'
[3.331s] Level 1:colcon.colcon_core.environment:checking '/home/student/git/pfms-2024a-Didi416/quizzes/quiz5/a1/install/quiz5/lib/python3.10/site-packages'
[3.331s] Level 1:colcon.colcon_core.environment:checking '/home/student/git/pfms-2024a-Didi416/quizzes/quiz5/a1/install/quiz5/bin'
[3.348s] INFO:colcon.colcon_core.shell:Creating package script '/home/student/git/pfms-2024a-Didi416/quizzes/quiz5/a1/install/quiz5/share/quiz5/package.ps1'
[3.349s] INFO:colcon.colcon_core.shell:Creating package descriptor '/home/student/git/pfms-2024a-Didi416/quizzes/quiz5/a1/install/quiz5/share/quiz5/package.dsv'
[3.349s] INFO:colcon.colcon_core.shell:Creating package script '/home/student/git/pfms-2024a-Didi416/quizzes/quiz5/a1/install/quiz5/share/quiz5/package.sh'
[3.350s] INFO:colcon.colcon_core.shell:Creating package script '/home/student/git/pfms-2024a-Didi416/quizzes/quiz5/a1/install/quiz5/share/quiz5/package.bash'
[3.350s] INFO:colcon.colcon_core.shell:Creating package script '/home/student/git/pfms-2024a-Didi416/quizzes/quiz5/a1/install/quiz5/share/quiz5/package.zsh'
[3.350s] Level 1:colcon.colcon_core.environment:create_file_with_runtime_dependencies(/home/student/git/pfms-2024a-Didi416/quizzes/quiz5/a1/install/quiz5/share/colcon-core/packages/quiz5)
[3.351s] DEBUG:colcon.colcon_parallel_executor.executor.parallel:closing loop
[3.351s] DEBUG:colcon.colcon_parallel_executor.executor.parallel:loop closed
[3.351s] DEBUG:colcon.colcon_parallel_executor.executor.parallel:run_until_complete finished with '0'
[3.351s] DEBUG:colcon.colcon_core.event_reactor:joining thread
[3.372s] INFO:colcon.colcon_core.plugin_system:Skipping extension 'colcon_notification.desktop_notification.terminal_notifier': Not used on non-Darwin systems
[3.372s] INFO:colcon.colcon_core.plugin_system:Skipping extension 'colcon_notification.desktop_notification.win32': Not used on non-Windows systems
[3.372s] INFO:colcon.colcon_notification.desktop_notification:Sending desktop notification using 'notify2'
[3.386s] DEBUG:colcon.colcon_core.event_reactor:joined thread
[3.403s] INFO:colcon.colcon_core.shell:Creating prefix script '/home/student/git/pfms-2024a-Didi416/quizzes/quiz5/a1/install/local_setup.ps1'
[3.405s] INFO:colcon.colcon_core.shell:Creating prefix util module '/home/student/git/pfms-2024a-Didi416/quizzes/quiz5/a1/install/_local_setup_util_ps1.py'
[3.407s] INFO:colcon.colcon_core.shell:Creating prefix chain script '/home/student/git/pfms-2024a-Didi416/quizzes/quiz5/a1/install/setup.ps1'
[3.425s] INFO:colcon.colcon_core.shell:Creating prefix script '/home/student/git/pfms-2024a-Didi416/quizzes/quiz5/a1/install/local_setup.sh'
[3.425s] INFO:colcon.colcon_core.shell:Creating prefix util module '/home/student/git/pfms-2024a-Didi416/quizzes/quiz5/a1/install/_local_setup_util_sh.py'
[3.426s] INFO:colcon.colcon_core.shell:Creating prefix chain script '/home/student/git/pfms-2024a-Didi416/quizzes/quiz5/a1/install/setup.sh'
[3.443s] INFO:colcon.colcon_core.shell:Creating prefix script '/home/student/git/pfms-2024a-Didi416/quizzes/quiz5/a1/install/local_setup.bash'
[3.443s] INFO:colcon.colcon_core.shell:Creating prefix chain script '/home/student/git/pfms-2024a-Didi416/quizzes/quiz5/a1/install/setup.bash'
[3.461s] INFO:colcon.colcon_core.shell:Creating prefix script '/home/student/git/pfms-2024a-Didi416/quizzes/quiz5/a1/install/local_setup.zsh'
[3.462s] INFO:colcon.colcon_core.shell:Creating prefix chain script '/home/student/git/pfms-2024a-Didi416/quizzes/quiz5/a1/install/setup.zsh'
